C51 COMPILER V9.00   MAIN                                                                  06/15/2016 16:36:38 PAGE 1   


C51 COMPILER V9.00, COMPILATION OF MODULE MAIN
OBJECT MODULE PLACED IN ..\list\main.obj
COMPILER INVOKED BY: C:\Keil\C51\BIN\C51.EXE ..\CH\main.c LARGE BROWSE DEBUG OBJECTEXTEND PRINT(.\list\main.lst) OBJECT(
                    -..\list\main.obj)

line level    source

   1          #include        "config.h"
   2          #include        "USART1.h"
   3          #include        "delay.h"
   4          
   5          void main(void)
   6          {
   7   1              UART_config();
   8   1              Timer_config();
   9   1              EA = 1;
  10   1              PID_init();
  11   1              while (1){
  12   2                      shangweiji();
  13   2              }
  14   1      }
  15          
  16          void shangweiji(void){
  17   1                      if(sys_clk){
  18   2                              Data_Send_Senser(0,0);
  19   2                              sys_clk = 0;
  20   2                      }       
  21   1                      if(data_to_send_ok){
  22   2                              data_to_send_ok=0;                                                                                                                                  
  23   2                              PrintString1(data_to_send,8);
  24   2                      }
  25   1                      if(FLAG_RETURN == 1){
  26   2                              Data_Send_PID2();   //发送PID2 在上位机中点击 读取飞控  其中PID3.P用来传输目标速度值 
  27   2                          FLAG_RETURN = 0;
  28   2                      }
  29   1      
  30   1      }
  31          


MODULE INFORMATION:   STATIC OVERLAYABLE
   CODE SIZE        =     74    ----
   CONSTANT SIZE    =   ----    ----
   XDATA SIZE       =   ----    ----
   PDATA SIZE       =   ----    ----
   DATA SIZE        =   ----    ----
   IDATA SIZE       =   ----    ----
   BIT SIZE         =   ----    ----
END OF MODULE INFORMATION.


C51 COMPILATION COMPLETE.  0 WARNING(S),  0 ERROR(S)
